<?xml version="1.0" encoding="UTF-8"?>
<testsuite name="lab01.ArrayUtilsTest" tests="7" skipped="0" failures="0" errors="0" timestamp="2026-01-24T04:22:31" hostname="gm-pc" time="0.032">
  <properties/>
  <testcase name="duplicates()" classname="lab01.ArrayUtilsTest" time="0.02"/>
  <testcase name="sortedSingleElement()" classname="lab01.ArrayUtilsTest" time="0.001"/>
  <testcase name="unsorted()" classname="lab01.ArrayUtilsTest" time="0.002"/>
  <testcase name="sortedAAA()" classname="lab01.ArrayUtilsTest" time="0.001"/>
  <testcase name="sayHi()" classname="lab01.ArrayUtilsTest" time="0.003"/>
  <testcase name="sortedPartialSort()" classname="lab01.ArrayUtilsTest" time="0.001"/>
  <testcase name="sortedEmpty()" classname="lab01.ArrayUtilsTest" time="0.0"/>
  <system-out><![CDATA[Hello from the test.
]]></system-out>
  <system-err><![CDATA[]]></system-err>
</testsuite>
